# JRE version: OpenJDK Runtime Environment (11.0.8+10) (build 11.0.8+10-post-Ubuntu-0ubuntu120.04)
# Java VM: OpenJDK 64-Bit Server VM (11.0.8+10-post-Ubuntu-0ubuntu120.04, mixed mode, sharing, tiered, compressed oops, g1 gc, linux-amd64)
Heap:
 garbage-first heap   total 353280K, used 155391K [0x0000000746c00000, 0x0000000800000000)
  region size 1024K, 145 young (148480K), 17 survivors (17408K)
 Metaspace       used 58253K, capacity 59768K, committed 59936K, reserved 1101824K
  class space    used 7501K, capacity 8087K, committed 8140K, reserved 1048576K
GC Heap History (19 events):
Event: 0,490 GC heap before
{Heap before GC invocations=0 (full 0):
 garbage-first heap   total 192512K, used 15044K [0x0000000746c00000, 0x0000000800000000)
  region size 1024K, 14 young (14336K), 0 survivors (0K)
 Metaspace       used 2474K, capacity 5642K, committed 5760K, reserved 1056768K
  class space    used 236K, capacity 537K, committed 640K, reserved 1048576K
}
Event: 0,506 GC heap after
{Heap after GC invocations=1 (full 0):
 garbage-first heap   total 192512K, used 6889K [0x0000000746c00000, 0x0000000800000000)
  region size 1024K, 2 young (2048K), 2 survivors (2048K)
 Metaspace       used 2474K, capacity 5642K, committed 5760K, reserved 1056768K
  class space    used 236K, capacity 537K, committed 640K, reserved 1048576K
}
Event: 0,635 GC heap before
{Heap before GC invocations=1 (full 0):
 garbage-first heap   total 192512K, used 15081K [0x0000000746c00000, 0x0000000800000000)
  region size 1024K, 10 young (10240K), 2 survivors (2048K)
 Metaspace       used 4256K, capacity 6572K, committed 6912K, reserved 1056768K
  class space    used 458K, capacity 679K, committed 768K, reserved 1048576K
}
Event: 0,641 GC heap after
{Heap after GC invocations=2 (full 0):
 garbage-first heap   total 192512K, used 7419K [0x0000000746c00000, 0x0000000800000000)
  region size 1024K, 1 young (1024K), 1 survivors (1024K)
 Metaspace       used 4256K, capacity 6572K, committed 6912K, reserved 1056768K
  class space    used 458K, capacity 679K, committed 768K, reserved 1048576K
}
Event: 0,659 GC heap before
{Heap before GC invocations=2 (full 0):
 garbage-first heap   total 192512K, used 34043K [0x0000000746c00000, 0x0000000800000000)
  region size 1024K, 28 young (28672K), 1 survivors (1024K)
 Metaspace       used 4266K, capacity 6572K, committed 6912K, reserved 1056768K
  class space    used 458K, capacity 679K, committed 768K, reserved 1048576K
}
Event: 0,662 GC heap after
{Heap after GC invocations=3 (full 0):
 garbage-first heap   total 192512K, used 7529K [0x0000000746c00000, 0x0000000800000000)
  region size 1024K, 1 young (1024K), 1 survivors (1024K)
 Metaspace       used 4266K, capacity 6572K, committed 6912K, reserved 1056768K
  class space    used 458K, capacity 679K, committed 768K, reserved 1048576K
}
Event: 1,080 GC heap before
{Heap before GC invocations=3 (full 0):
 garbage-first heap   total 192512K, used 56681K [0x0000000746c00000, 0x0000000800000000)
  region size 1024K, 50 young (51200K), 1 survivors (1024K)
 Metaspace       used 10145K, capacity 11068K, committed 11264K, reserved 1058816K
  class space    used 1320K, capacity 1458K, committed 1536K, reserved 1048576K
}
Event: 1,089 GC heap after
{Heap after GC invocations=4 (full 0):
 garbage-first heap   total 192512K, used 9054K [0x0000000746c00000, 0x0000000800000000)
  region size 1024K, 2 young (2048K), 2 survivors (2048K)
 Metaspace       used 10145K, capacity 11068K, committed 11264K, reserved 1058816K
  class space    used 1320K, capacity 1458K, committed 1536K, reserved 1048576K
}
Event: 2,356 GC heap before
{Heap before GC invocations=4 (full 0):
 garbage-first heap   total 192512K, used 119646K [0x0000000746c00000, 0x0000000800000000)
  region size 1024K, 111 young (113664K), 2 survivors (2048K)
 Metaspace       used 19977K, capacity 20585K, committed 20736K, reserved 1067008K
  class space    used 2557K, capacity 2797K, committed 2816K, reserved 1048576K
}
Event: 2,373 GC heap after
{Heap after GC invocations=5 (full 0):
 garbage-first heap   total 256000K, used 12788K [0x0000000746c00000, 0x0000000800000000)
  region size 1024K, 6 young (6144K), 6 survivors (6144K)
 Metaspace       used 19977K, capacity 20585K, committed 20736K, reserved 1067008K
  class space    used 2557K, capacity 2797K, committed 2816K, reserved 1048576K
}
Event: 2,461 GC heap before
{Heap before GC invocations=5 (full 0):
 garbage-first heap   total 256000K, used 19956K [0x0000000746c00000, 0x0000000800000000)
  region size 1024K, 15 young (15360K), 6 survivors (6144K)
 Metaspace       used 20429K, capacity 21033K, committed 21248K, reserved 1067008K
  class space    used 2587K, capacity 2797K, committed 2816K, reserved 1048576K
}
Event: 2,479 GC heap after
{Heap after GC invocations=6 (full 0):
 garbage-first heap   total 256000K, used 12602K [0x0000000746c00000, 0x0000000800000000)
  region size 1024K, 6 young (6144K), 6 survivors (6144K)
 Metaspace       used 20429K, capacity 21033K, committed 21248K, reserved 1067008K
  class space    used 2587K, capacity 2797K, committed 2816K, reserved 1048576K
}
Event: 4,272 GC heap before
{Heap before GC invocations=7 (full 0):
 garbage-first heap   total 256000K, used 147770K [0x0000000746c00000, 0x0000000800000000)
  region size 1024K, 139 young (142336K), 6 survivors (6144K)
 Metaspace       used 30054K, capacity 31044K, committed 31488K, reserved 1077248K
  class space    used 3840K, capacity 4249K, committed 4352K, reserved 1048576K
}
Event: 4,289 GC heap after
{Heap after GC invocations=8 (full 0):
 garbage-first heap   total 256000K, used 17264K [0x0000000746c00000, 0x0000000800000000)
  region size 1024K, 10 young (10240K), 10 survivors (10240K)
 Metaspace       used 30054K, capacity 31044K, committed 31488K, reserved 1077248K
  class space    used 3840K, capacity 4249K, committed 4352K, reserved 1048576K
}
Event: 5,021 GC heap before
{Heap before GC invocations=8 (full 0):
 garbage-first heap   total 256000K, used 98160K [0x0000000746c00000, 0x0000000800000000)
  region size 1024K, 91 young (93184K), 10 survivors (10240K)
 Metaspace       used 34329K, capacity 35395K, committed 35628K, reserved 1081344K
  class space    used 4287K, capacity 4718K, committed 4736K, reserved 1048576K
}
Event: 5,046 GC heap after
{Heap after GC invocations=9 (full 0):
 garbage-first heap   total 256000K, used 19438K [0x0000000746c00000, 0x0000000800000000)
  region size 1024K, 12 young (12288K), 12 survivors (12288K)
 Metaspace       used 34329K, capacity 35395K, committed 35628K, reserved 1081344K
  class space    used 4287K, capacity 4718K, committed 4736K, reserved 1048576K
}
Event: 7,438 GC heap before
{Heap before GC invocations=10 (full 0):
 garbage-first heap   total 256000K, used 158702K [0x0000000746c00000, 0x0000000800000000)
  region size 1024K, 148 young (151552K), 12 survivors (12288K)
 Metaspace       used 50107K, capacity 51198K, committed 51832K, reserved 1093632K
  class space    used 6606K, capacity 7046K, committed 7116K, reserved 1048576K
}
Event: 7,463 GC heap after
{Heap after GC invocations=11 (full 0):
 garbage-first heap   total 353280K, used 24319K [0x0000000746c00000, 0x0000000800000000)
  region size 1024K, 13 young (13312K), 13 survivors (13312K)
 Metaspace       used 50107K, capacity 51198K, committed 51832K, reserved 1093632K
  class space    used 6606K, capacity 7046K, committed 7116K, reserved 1048576K
}
Event: 8,871 GC heap before
{Heap before GC invocations=11 (full 0):
 garbage-first heap   total 353280K, used 154367K [0x0000000746c00000, 0x0000000800000000)
  region size 1024K, 141 young (144384K), 13 survivors (13312K)
 Metaspace       used 58253K, capacity 59768K, committed 59936K, reserved 1101824K
  class space    used 7501K, capacity 8087K, committed 8140K, reserved 1048576K
}

