# JRE version: OpenJDK Runtime Environment (11.0.8+10) (build 11.0.8+10-post-Ubuntu-0ubuntu120.04)
# Java VM: OpenJDK 64-Bit Server VM (11.0.8+10-post-Ubuntu-0ubuntu120.04, mixed mode, sharing, tiered, compressed oops, g1 gc, linux-amd64)
Heap:
 garbage-first heap   total 286720K, used 20276K [0x0000000746c00000, 0x0000000800000000)
  region size 1024K, 14 young (14336K), 12 survivors (12288K)
 Metaspace       used 34498K, capacity 35623K, committed 35960K, reserved 1081344K
  class space    used 4313K, capacity 4751K, committed 4864K, reserved 1048576K
GC Heap History (14 events):
Event: 0,360 GC heap before
{Heap before GC invocations=0 (full 0):
 garbage-first heap   total 192512K, used 15044K [0x0000000746c00000, 0x0000000800000000)
  region size 1024K, 14 young (14336K), 0 survivors (0K)
 Metaspace       used 2461K, capacity 5642K, committed 5760K, reserved 1056768K
  class space    used 236K, capacity 537K, committed 640K, reserved 1048576K
}
Event: 0,369 GC heap after
{Heap after GC invocations=1 (full 0):
 garbage-first heap   total 192512K, used 7106K [0x0000000746c00000, 0x0000000800000000)
  region size 1024K, 2 young (2048K), 2 survivors (2048K)
 Metaspace       used 2461K, capacity 5642K, committed 5760K, reserved 1056768K
  class space    used 236K, capacity 537K, committed 640K, reserved 1048576K
}
Event: 0,624 GC heap before
{Heap before GC invocations=1 (full 0):
 garbage-first heap   total 192512K, used 61378K [0x0000000746c00000, 0x0000000800000000)
  region size 1024K, 56 young (57344K), 2 survivors (2048K)
 Metaspace       used 5068K, capacity 7110K, committed 7296K, reserved 1056768K
  class space    used 574K, capacity 794K, committed 896K, reserved 1048576K
}
Event: 0,633 GC heap after
{Heap after GC invocations=2 (full 0):
 garbage-first heap   total 192512K, used 7599K [0x0000000746c00000, 0x0000000800000000)
  region size 1024K, 3 young (3072K), 3 survivors (3072K)
 Metaspace       used 5068K, capacity 7110K, committed 7296K, reserved 1056768K
  class space    used 574K, capacity 794K, committed 896K, reserved 1048576K
}
Event: 1,224 GC heap before
{Heap before GC invocations=2 (full 0):
 garbage-first heap   total 192512K, used 63919K [0x0000000746c00000, 0x0000000800000000)
  region size 1024K, 59 young (60416K), 3 survivors (3072K)
 Metaspace       used 14815K, capacity 15267K, committed 15488K, reserved 1062912K
  class space    used 1929K, capacity 2115K, committed 2176K, reserved 1048576K
}
Event: 1,235 GC heap after
{Heap after GC invocations=3 (full 0):
 garbage-first heap   total 192512K, used 9976K [0x0000000746c00000, 0x0000000800000000)
  region size 1024K, 5 young (5120K), 5 survivors (5120K)
 Metaspace       used 14815K, capacity 15267K, committed 15488K, reserved 1062912K
  class space    used 1929K, capacity 2115K, committed 2176K, reserved 1048576K
}
Event: 1,952 GC heap before
{Heap before GC invocations=3 (full 0):
 garbage-first heap   total 192512K, used 76536K [0x0000000746c00000, 0x0000000800000000)
  region size 1024K, 71 young (72704K), 5 survivors (5120K)
 Metaspace       used 19893K, capacity 20423K, committed 20736K, reserved 1067008K
  class space    used 2547K, capacity 2765K, committed 2816K, reserved 1048576K
}
Event: 1,978 GC heap after
{Heap after GC invocations=4 (full 0):
 garbage-first heap   total 192512K, used 12660K [0x0000000746c00000, 0x0000000800000000)
  region size 1024K, 6 young (6144K), 6 survivors (6144K)
 Metaspace       used 19893K, capacity 20423K, committed 20736K, reserved 1067008K
  class space    used 2547K, capacity 2765K, committed 2816K, reserved 1048576K
}
Event: 2,055 GC heap before
{Heap before GC invocations=4 (full 0):
 garbage-first heap   total 192512K, used 37236K [0x0000000746c00000, 0x0000000800000000)
  region size 1024K, 32 young (32768K), 6 survivors (6144K)
 Metaspace       used 20396K, capacity 20967K, committed 21248K, reserved 1067008K
  class space    used 2587K, capacity 2797K, committed 2816K, reserved 1048576K
}
Event: 2,066 GC heap after
{Heap after GC invocations=5 (full 0):
 garbage-first heap   total 286720K, used 12634K [0x0000000746c00000, 0x0000000800000000)
  region size 1024K, 6 young (6144K), 6 survivors (6144K)
 Metaspace       used 20396K, capacity 20967K, committed 21248K, reserved 1067008K
  class space    used 2587K, capacity 2797K, committed 2816K, reserved 1048576K
}
Event: 3,490 GC heap before
{Heap before GC invocations=6 (full 0):
 garbage-first heap   total 286720K, used 102746K [0x0000000746c00000, 0x0000000800000000)
  region size 1024K, 94 young (96256K), 6 survivors (6144K)
 Metaspace       used 27496K, capacity 28357K, committed 28544K, reserved 1073152K
  class space    used 3530K, capacity 3868K, committed 3968K, reserved 1048576K
}
Event: 3,515 GC heap after
{Heap after GC invocations=7 (full 0):
 garbage-first heap   total 286720K, used 15912K [0x0000000746c00000, 0x0000000800000000)
  region size 1024K, 9 young (9216K), 9 survivors (9216K)
 Metaspace       used 27496K, capacity 28357K, committed 28544K, reserved 1073152K
  class space    used 3530K, capacity 3868K, committed 3968K, reserved 1048576K
}
Event: 4,396 GC heap before
{Heap before GC invocations=7 (full 0):
 garbage-first heap   total 286720K, used 144936K [0x0000000746c00000, 0x0000000800000000)
  region size 1024K, 137 young (140288K), 9 survivors (9216K)
 Metaspace       used 34421K, capacity 35524K, committed 35628K, reserved 1081344K
  class space    used 4300K, capacity 4718K, committed 4736K, reserved 1048576K
}
Event: 4,411 GC heap after
{Heap after GC invocations=8 (full 0):
 garbage-first heap   total 286720K, used 19252K [0x0000000746c00000, 0x0000000800000000)
  region size 1024K, 12 young (12288K), 12 survivors (12288K)
 Metaspace       used 34421K, capacity 35524K, committed 35628K, reserved 1081344K
  class space    used 4300K, capacity 4718K, committed 4736K, reserved 1048576K
}

