# JRE version: OpenJDK Runtime Environment (11.0.8+10) (build 11.0.8+10-post-Ubuntu-0ubuntu120.04)
# Java VM: OpenJDK 64-Bit Server VM (11.0.8+10-post-Ubuntu-0ubuntu120.04, mixed mode, sharing, tiered, compressed oops, parallel gc, linux-amd64)
Heap:
 PSYoungGen      total 25088K, used 1024K [0x00000000eab00000, 0x00000000ed180000, 0x0000000100000000)
  eden space 24064K, 0% used [0x00000000eab00000,0x00000000eab00000,0x00000000ec280000)
  from space 1024K, 100% used [0x00000000ecd80000,0x00000000ece80000,0x00000000ece80000)
  to   space 7680K, 0% used [0x00000000ec280000,0x00000000ec280000,0x00000000eca00000)
 ParOldGen       total 185856K, used 185312K [0x00000000c0000000, 0x00000000cb580000, 0x00000000eab00000)
  object space 185856K, 99% used [0x00000000c0000000,0x00000000cb4f8058,0x00000000cb580000)
 Metaspace       used 89508K, capacity 93614K, committed 94080K, reserved 1134592K
  class space    used 8010K, capacity 9518K, committed 9600K, reserved 1048576K
GC Heap History (20 events):
Event: 8830,430 GC heap after
{Heap after GC invocations=7597 (full 197):
 PSYoungGen      total 31232K, used 2157K [0x00000000eab00000, 0x00000000ed180000, 0x0000000100000000)
  eden space 28672K, 0% used [0x00000000eab00000,0x00000000eab00000,0x00000000ec700000)
  from space 2560K, 84% used [0x00000000ece00000,0x00000000ed01b610,0x00000000ed080000)
  to   space 1024K, 0% used [0x00000000ed080000,0x00000000ed080000,0x00000000ed180000)
 ParOldGen       total 185856K, used 175488K [0x00000000c0000000, 0x00000000cb580000, 0x00000000eab00000)
  object space 185856K, 94% used [0x00000000c0000000,0x00000000cab602a0,0x00000000cb580000)
 Metaspace       used 89498K, capacity 93550K, committed 94080K, reserved 1134592K
  class space    used 8009K, capacity 9518K, committed 9600K, reserved 1048576K
}
Event: 8830,707 GC heap before
{Heap before GC invocations=7598 (full 197):
 PSYoungGen      total 31232K, used 30829K [0x00000000eab00000, 0x00000000ed180000, 0x0000000100000000)
  eden space 28672K, 100% used [0x00000000eab00000,0x00000000ec700000,0x00000000ec700000)
  from space 2560K, 84% used [0x00000000ece00000,0x00000000ed01b610,0x00000000ed080000)
  to   space 1024K, 0% used [0x00000000ed080000,0x00000000ed080000,0x00000000ed180000)
 ParOldGen       total 185856K, used 175488K [0x00000000c0000000, 0x00000000cb580000, 0x00000000eab00000)
  object space 185856K, 94% used [0x00000000c0000000,0x00000000cab602a0,0x00000000cb580000)
 Metaspace       used 89498K, capacity 93550K, committed 94080K, reserved 1134592K
  class space    used 8009K, capacity 9518K, committed 9600K, reserved 1048576K
}
Event: 8830,710 GC heap after
{Heap after GC invocations=7598 (full 197):
 PSYoungGen      total 29184K, used 1006K [0x00000000eab00000, 0x00000000ed180000, 0x0000000100000000)
  eden space 28160K, 0% used [0x00000000eab00000,0x00000000eab00000,0x00000000ec680000)
  from space 1024K, 98% used [0x00000000ed080000,0x00000000ed17bb00,0x00000000ed180000)
  to   space 2048K, 0% used [0x00000000ecd80000,0x00000000ecd80000,0x00000000ecf80000)
 ParOldGen       total 185856K, used 176163K [0x00000000c0000000, 0x00000000cb580000, 0x00000000eab00000)
  object space 185856K, 94% used [0x00000000c0000000,0x00000000cac08f80,0x00000000cb580000)
 Metaspace       used 89498K, capacity 93550K, committed 94080K, reserved 1134592K
  class space    used 8009K, capacity 9518K, committed 9600K, reserved 1048576K
}
Event: 8831,257 GC heap before
{Heap before GC invocations=7599 (full 197):
 PSYoungGen      total 29184K, used 29166K [0x00000000eab00000, 0x00000000ed180000, 0x0000000100000000)
  eden space 28160K, 100% used [0x00000000eab00000,0x00000000ec680000,0x00000000ec680000)
  from space 1024K, 98% used [0x00000000ed080000,0x00000000ed17bb00,0x00000000ed180000)
  to   space 2048K, 0% used [0x00000000ecd80000,0x00000000ecd80000,0x00000000ecf80000)
 ParOldGen       total 185856K, used 176163K [0x00000000c0000000, 0x00000000cb580000, 0x00000000eab00000)
  object space 185856K, 94% used [0x00000000c0000000,0x00000000cac08f80,0x00000000cb580000)
 Metaspace       used 89498K, capacity 93550K, committed 94080K, reserved 1134592K
  class space    used 8009K, capacity 9518K, committed 9600K, reserved 1048576K
}
Event: 8831,260 GC heap after
{Heap after GC invocations=7599 (full 197):
 PSYoungGen      total 29696K, used 1076K [0x00000000eab00000, 0x00000000ed100000, 0x0000000100000000)
  eden space 27648K, 0% used [0x00000000eab00000,0x00000000eab00000,0x00000000ec600000)
  from space 2048K, 52% used [0x00000000ecd80000,0x00000000ece8d200,0x00000000ecf80000)
  to   space 1536K, 0% used [0x00000000ecf80000,0x00000000ecf80000,0x00000000ed100000)
 ParOldGen       total 185856K, used 176179K [0x00000000c0000000, 0x00000000cb580000, 0x00000000eab00000)
  object space 185856K, 94% used [0x00000000c0000000,0x00000000cac0cf80,0x00000000cb580000)
 Metaspace       used 89498K, capacity 93550K, committed 94080K, reserved 1134592K
  class space    used 8009K, capacity 9518K, committed 9600K, reserved 1048576K
}
Event: 8835,516 GC heap before
{Heap before GC invocations=7600 (full 197):
 PSYoungGen      total 29696K, used 28724K [0x00000000eab00000, 0x00000000ed100000, 0x0000000100000000)
  eden space 27648K, 100% used [0x00000000eab00000,0x00000000ec600000,0x00000000ec600000)
  from space 2048K, 52% used [0x00000000ecd80000,0x00000000ece8d200,0x00000000ecf80000)
  to   space 1536K, 0% used [0x00000000ecf80000,0x00000000ecf80000,0x00000000ed100000)
 ParOldGen       total 185856K, used 176179K [0x00000000c0000000, 0x00000000cb580000, 0x00000000eab00000)
  object space 185856K, 94% used [0x00000000c0000000,0x00000000cac0cf80,0x00000000cb580000)
 Metaspace       used 89504K, capacity 93614K, committed 94080K, reserved 1134592K
  class space    used 8010K, capacity 9518K, committed 9600K, reserved 1048576K
}
Event: 8835,518 GC heap after
{Heap after GC invocations=7600 (full 197):
 PSYoungGen      total 28672K, used 1108K [0x00000000eab00000, 0x00000000ed100000, 0x0000000100000000)
  eden space 27136K, 0% used [0x00000000eab00000,0x00000000eab00000,0x00000000ec580000)
  from space 1536K, 72% used [0x00000000ecf80000,0x00000000ed095200,0x00000000ed100000)
  to   space 1536K, 0% used [0x00000000ece00000,0x00000000ece00000,0x00000000ecf80000)
 ParOldGen       total 185856K, used 176179K [0x00000000c0000000, 0x00000000cb580000, 0x00000000eab00000)
  object space 185856K, 94% used [0x00000000c0000000,0x00000000cac0cf80,0x00000000cb580000)
 Metaspace       used 89504K, capacity 93614K, committed 94080K, reserved 1134592K
  class space    used 8010K, capacity 9518K, committed 9600K, reserved 1048576K
}
Event: 8836,739 GC heap before
{Heap before GC invocations=7601 (full 197):
 PSYoungGen      total 28672K, used 28244K [0x00000000eab00000, 0x00000000ed100000, 0x0000000100000000)
  eden space 27136K, 100% used [0x00000000eab00000,0x00000000ec580000,0x00000000ec580000)
  from space 1536K, 72% used [0x00000000ecf80000,0x00000000ed095200,0x00000000ed100000)
  to   space 1536K, 0% used [0x00000000ece00000,0x00000000ece00000,0x00000000ecf80000)
 ParOldGen       total 185856K, used 176179K [0x00000000c0000000, 0x00000000cb580000, 0x00000000eab00000)
  object space 185856K, 94% used [0x00000000c0000000,0x00000000cac0cf80,0x00000000cb580000)
 Metaspace       used 89505K, capacity 93614K, committed 94080K, reserved 1134592K
  class space    used 8010K, capacity 9518K, committed 9600K, reserved 1048576K
}
Event: 8836,741 GC heap after
{Heap after GC invocations=7601 (full 197):
 PSYoungGen      total 28160K, used 1524K [0x00000000eab00000, 0x00000000ed000000, 0x0000000100000000)
  eden space 26624K, 0% used [0x00000000eab00000,0x00000000eab00000,0x00000000ec500000)
  from space 1536K, 99% used [0x00000000ece00000,0x00000000ecf7d200,0x00000000ecf80000)
  to   space 512K, 0% used [0x00000000ecf80000,0x00000000ecf80000,0x00000000ed000000)
 ParOldGen       total 185856K, used 176368K [0x00000000c0000000, 0x00000000cb580000, 0x00000000eab00000)
  object space 185856K, 94% used [0x00000000c0000000,0x00000000cac3c1c0,0x00000000cb580000)
 Metaspace       used 89505K, capacity 93614K, committed 94080K, reserved 1134592K
  class space    used 8010K, capacity 9518K, committed 9600K, reserved 1048576K
}
Event: 8837,091 GC heap before
{Heap before GC invocations=7602 (full 197):
 PSYoungGen      total 28160K, used 28148K [0x00000000eab00000, 0x00000000ed000000, 0x0000000100000000)
  eden space 26624K, 100% used [0x00000000eab00000,0x00000000ec500000,0x00000000ec500000)
  from space 1536K, 99% used [0x00000000ece00000,0x00000000ecf7d200,0x00000000ecf80000)
  to   space 512K, 0% used [0x00000000ecf80000,0x00000000ecf80000,0x00000000ed000000)
 ParOldGen       total 185856K, used 176368K [0x00000000c0000000, 0x00000000cb580000, 0x00000000eab00000)
  object space 185856K, 94% used [0x00000000c0000000,0x00000000cac3c1c0,0x00000000cb580000)
 Metaspace       used 89505K, capacity 93614K, committed 94080K, reserved 1134592K
  class space    used 8010K, capacity 9518K, committed 9600K, reserved 1048576K
}
Event: 8837,094 GC heap after
{Heap after GC invocations=7602 (full 197):
 PSYoungGen      total 26624K, used 512K [0x00000000eab00000, 0x00000000ed000000, 0x0000000100000000)
  eden space 26112K, 0% used [0x00000000eab00000,0x00000000eab00000,0x00000000ec480000)
  from space 512K, 100% used [0x00000000ecf80000,0x00000000ed000000,0x00000000ed000000)
  to   space 2560K, 0% used [0x00000000ecb00000,0x00000000ecb00000,0x00000000ecd80000)
 ParOldGen       total 185856K, used 177871K [0x00000000c0000000, 0x00000000cb580000, 0x00000000eab00000)
  object space 185856K, 95% used [0x00000000c0000000,0x00000000cadb3f28,0x00000000cb580000)
 Metaspace       used 89505K, capacity 93614K, committed 94080K, reserved 1134592K
  class space    used 8010K, capacity 9518K, committed 9600K, reserved 1048576K
}
Event: 8837,440 GC heap before
{Heap before GC invocations=7603 (full 197):
 PSYoungGen      total 26624K, used 26624K [0x00000000eab00000, 0x00000000ed000000, 0x0000000100000000)
  eden space 26112K, 100% used [0x00000000eab00000,0x00000000ec480000,0x00000000ec480000)
  from space 512K, 100% used [0x00000000ecf80000,0x00000000ed000000,0x00000000ed000000)
  to   space 2560K, 0% used [0x00000000ecb00000,0x00000000ecb00000,0x00000000ecd80000)
 ParOldGen       total 185856K, used 177871K [0x00000000c0000000, 0x00000000cb580000, 0x00000000eab00000)
  object space 185856K, 95% used [0x00000000c0000000,0x00000000cadb3f28,0x00000000cb580000)
 Metaspace       used 89506K, capacity 93614K, committed 94080K, reserved 1134592K
  class space    used 8010K, capacity 9518K, committed 9600K, reserved 1048576K
}
Event: 8837,442 GC heap after
{Heap after GC invocations=7603 (full 197):
 PSYoungGen      total 28160K, used 1732K [0x00000000eab00000, 0x00000000ed000000, 0x0000000100000000)
  eden space 25600K, 0% used [0x00000000eab00000,0x00000000eab00000,0x00000000ec400000)
  from space 2560K, 67% used [0x00000000ecb00000,0x00000000eccb1210,0x00000000ecd80000)
  to   space 2048K, 0% used [0x00000000ece00000,0x00000000ece00000,0x00000000ed000000)
 ParOldGen       total 185856K, used 177871K [0x00000000c0000000, 0x00000000cb580000, 0x00000000eab00000)
  object space 185856K, 95% used [0x00000000c0000000,0x00000000cadb3f28,0x00000000cb580000)
 Metaspace       used 89506K, capacity 93614K, committed 94080K, reserved 1134592K
  class space    used 8010K, capacity 9518K, committed 9600K, reserved 1048576K
}
Event: 8840,923 GC heap before
{Heap before GC invocations=7604 (full 197):
 PSYoungGen      total 28160K, used 27332K [0x00000000eab00000, 0x00000000ed000000, 0x0000000100000000)
  eden space 25600K, 100% used [0x00000000eab00000,0x00000000ec400000,0x00000000ec400000)
  from space 2560K, 67% used [0x00000000ecb00000,0x00000000eccb1210,0x00000000ecd80000)
  to   space 2048K, 0% used [0x00000000ece00000,0x00000000ece00000,0x00000000ed000000)
 ParOldGen       total 185856K, used 177871K [0x00000000c0000000, 0x00000000cb580000, 0x00000000eab00000)
  object space 185856K, 95% used [0x00000000c0000000,0x00000000cadb3f28,0x00000000cb580000)
 Metaspace       used 89506K, capacity 93614K, committed 94080K, reserved 1134592K
  class space    used 8010K, capacity 9518K, committed 9600K, reserved 1048576K
}
Event: 8840,926 GC heap after
{Heap after GC invocations=7604 (full 197):
 PSYoungGen      total 27136K, used 2024K [0x00000000eab00000, 0x00000000ed000000, 0x0000000100000000)
  eden space 25088K, 0% used [0x00000000eab00000,0x00000000eab00000,0x00000000ec380000)
  from space 2048K, 98% used [0x00000000ece00000,0x00000000ecffa000,0x00000000ed000000)
  to   space 2560K, 0% used [0x00000000ecb00000,0x00000000ecb00000,0x00000000ecd80000)
 ParOldGen       total 185856K, used 178215K [0x00000000c0000000, 0x00000000cb580000, 0x00000000eab00000)
  object space 185856K, 95% used [0x00000000c0000000,0x00000000cae09f28,0x00000000cb580000)
 Metaspace       used 89506K, capacity 93614K, committed 94080K, reserved 1134592K
  class space    used 8010K, capacity 9518K, committed 9600K, reserved 1048576K
}
Event: 8840,959 GC heap before
{Heap before GC invocations=7605 (full 197):
 PSYoungGen      total 27136K, used 27112K [0x00000000eab00000, 0x00000000ed000000, 0x0000000100000000)
  eden space 25088K, 100% used [0x00000000eab00000,0x00000000ec380000,0x00000000ec380000)
  from space 2048K, 98% used [0x00000000ece00000,0x00000000ecffa000,0x00000000ed000000)
  to   space 2560K, 0% used [0x00000000ecb00000,0x00000000ecb00000,0x00000000ecd80000)
 ParOldGen       total 185856K, used 178215K [0x00000000c0000000, 0x00000000cb580000, 0x00000000eab00000)
  object space 185856K, 95% used [0x00000000c0000000,0x00000000cae09f28,0x00000000cb580000)
 Metaspace       used 89506K, capacity 93614K, committed 94080K, reserved 1134592K
  class space    used 8010K, capacity 9518K, committed 9600K, reserved 1048576K
}
Event: 8840,962 GC heap after
{Heap after GC invocations=7605 (full 197):
 PSYoungGen      total 27136K, used 2545K [0x00000000eab00000, 0x00000000ece80000, 0x0000000100000000)
  eden space 24576K, 0% used [0x00000000eab00000,0x00000000eab00000,0x00000000ec300000)
  from space 2560K, 99% used [0x00000000ecb00000,0x00000000ecd7c770,0x00000000ecd80000)
  to   space 1024K, 0% used [0x00000000ecd80000,0x00000000ecd80000,0x00000000ece80000)
 ParOldGen       total 185856K, used 179641K [0x00000000c0000000, 0x00000000cb580000, 0x00000000eab00000)
  object space 185856K, 96% used [0x00000000c0000000,0x00000000caf6e720,0x00000000cb580000)
 Metaspace       used 89506K, capacity 93614K, committed 94080K, reserved 1134592K
  class space    used 8010K, capacity 9518K, committed 9600K, reserved 1048576K
}
Event: 8840,998 GC heap before
{Heap before GC invocations=7606 (full 197):
 PSYoungGen      total 27136K, used 27121K [0x00000000eab00000, 0x00000000ece80000, 0x0000000100000000)
  eden space 24576K, 100% used [0x00000000eab00000,0x00000000ec300000,0x00000000ec300000)
  from space 2560K, 99% used [0x00000000ecb00000,0x00000000ecd7c770,0x00000000ecd80000)
  to   space 1024K, 0% used [0x00000000ecd80000,0x00000000ecd80000,0x00000000ece80000)
 ParOldGen       total 185856K, used 179641K [0x00000000c0000000, 0x00000000cb580000, 0x00000000eab00000)
  object space 185856K, 96% used [0x00000000c0000000,0x00000000caf6e720,0x00000000cb580000)
 Metaspace       used 89508K, capacity 93614K, committed 94080K, reserved 1134592K
  class space    used 8010K, capacity 9518K, committed 9600K, reserved 1048576K
}
Event: 8841,003 GC heap after
{Heap after GC invocations=7606 (full 197):
 PSYoungGen      total 25088K, used 1024K [0x00000000eab00000, 0x00000000ed180000, 0x0000000100000000)
  eden space 24064K, 0% used [0x00000000eab00000,0x00000000eab00000,0x00000000ec280000)
  from space 1024K, 100% used [0x00000000ecd80000,0x00000000ece80000,0x00000000ece80000)
  to   space 7680K, 0% used [0x00000000ec280000,0x00000000ec280000,0x00000000eca00000)
 ParOldGen       total 185856K, used 185312K [0x00000000c0000000, 0x00000000cb580000, 0x00000000eab00000)
  object space 185856K, 99% used [0x00000000c0000000,0x00000000cb4f8058,0x00000000cb580000)
 Metaspace       used 89508K, capacity 93614K, committed 94080K, reserved 1134592K
  class space    used 8010K, capacity 9518K, committed 9600K, reserved 1048576K
}
Event: 8841,003 GC heap before
{Heap before GC invocations=7607 (full 198):
 PSYoungGen      total 25088K, used 1024K [0x00000000eab00000, 0x00000000ed180000, 0x0000000100000000)
  eden space 24064K, 0% used [0x00000000eab00000,0x00000000eab00000,0x00000000ec280000)
  from space 1024K, 100% used [0x00000000ecd80000,0x00000000ece80000,0x00000000ece80000)
  to   space 7680K, 0% used [0x00000000ec280000,0x00000000ec280000,0x00000000eca00000)
 ParOldGen       total 185856K, used 185312K [0x00000000c0000000, 0x00000000cb580000, 0x00000000eab00000)
  object space 185856K, 99% used [0x00000000c0000000,0x00000000cb4f8058,0x00000000cb580000)
 Metaspace       used 89508K, capacity 93614K, committed 94080K, reserved 1134592K
  class space    used 8010K, capacity 9518K, committed 9600K, reserved 1048576K
}

