# JRE version: OpenJDK Runtime Environment (11.0.8+10) (build 11.0.8+10-post-Ubuntu-0ubuntu120.04)
# Java VM: OpenJDK 64-Bit Server VM (11.0.8+10-post-Ubuntu-0ubuntu120.04, mixed mode, sharing, tiered, compressed oops, g1 gc, linux-amd64)
Heap:
 garbage-first heap   total 102400K, used 56856K [0x0000000746c00000, 0x0000000800000000)
  region size 1024K, 14 young (14336K), 5 survivors (5120K)
 Metaspace       used 92984K, capacity 95738K, committed 96160K, reserved 1134592K
  class space    used 10719K, capacity 11801K, committed 11852K, reserved 1048576K
GC Heap History (20 events):
Event: 840,275 GC heap after
{Heap after GC invocations=98 (full 11):
 garbage-first heap   total 102400K, used 45866K [0x0000000746c00000, 0x0000000800000000)
  region size 1024K, 6 young (6144K), 6 survivors (6144K)
 Metaspace       used 91308K, capacity 94044K, committed 94496K, reserved 1132544K
  class space    used 10566K, capacity 11629K, committed 11724K, reserved 1048576K
}
Event: 990,580 GC heap before
{Heap before GC invocations=98 (full 11):
 garbage-first heap   total 102400K, used 73514K [0x0000000746c00000, 0x0000000800000000)
  region size 1024K, 34 young (34816K), 6 survivors (6144K)
 Metaspace       used 91318K, capacity 94050K, committed 94496K, reserved 1132544K
  class space    used 10570K, capacity 11631K, committed 11724K, reserved 1048576K
}
Event: 990,671 GC heap after
{Heap after GC invocations=99 (full 12):
 garbage-first heap   total 102400K, used 34462K [0x0000000746c00000, 0x0000000800000000)
  region size 1024K, 0 young (0K), 0 survivors (0K)
 Metaspace       used 91253K, capacity 93948K, committed 94496K, reserved 1132544K
  class space    used 10561K, capacity 11613K, committed 11724K, reserved 1048576K
}
Event: 990,895 GC heap before
{Heap before GC invocations=99 (full 12):
 garbage-first heap   total 102400K, used 79518K [0x0000000746c00000, 0x0000000800000000)
  region size 1024K, 45 young (46080K), 0 survivors (0K)
 Metaspace       used 91380K, capacity 94132K, committed 94496K, reserved 1132544K
  class space    used 10586K, capacity 11653K, committed 11724K, reserved 1048576K
}
Event: 990,899 GC heap after
{Heap after GC invocations=100 (full 12):
 garbage-first heap   total 102400K, used 37534K [0x0000000746c00000, 0x0000000800000000)
  region size 1024K, 3 young (3072K), 3 survivors (3072K)
 Metaspace       used 91380K, capacity 94132K, committed 94496K, reserved 1132544K
  class space    used 10586K, capacity 11653K, committed 11724K, reserved 1048576K
}
Event: 991,116 GC heap before
{Heap before GC invocations=100 (full 12):
 garbage-first heap   total 102400K, used 80542K [0x0000000746c00000, 0x0000000800000000)
  region size 1024K, 46 young (47104K), 3 survivors (3072K)
 Metaspace       used 91620K, capacity 94357K, committed 94752K, reserved 1132544K
  class space    used 10616K, capacity 11685K, committed 11724K, reserved 1048576K
}
Event: 991,126 GC heap after
{Heap after GC invocations=101 (full 12):
 garbage-first heap   total 102400K, used 37871K [0x0000000746c00000, 0x0000000800000000)
  region size 1024K, 4 young (4096K), 4 survivors (4096K)
 Metaspace       used 91620K, capacity 94357K, committed 94752K, reserved 1132544K
  class space    used 10616K, capacity 11685K, committed 11724K, reserved 1048576K
}
Event: 991,706 GC heap before
{Heap before GC invocations=101 (full 12):
 garbage-first heap   total 102400K, used 80879K [0x0000000746c00000, 0x0000000800000000)
  region size 1024K, 47 young (48128K), 4 survivors (4096K)
 Metaspace       used 91719K, capacity 94421K, committed 94752K, reserved 1132544K
  class space    used 10631K, capacity 11685K, committed 11724K, reserved 1048576K
}
Event: 991,719 GC heap after
{Heap after GC invocations=102 (full 12):
 garbage-first heap   total 102400K, used 39847K [0x0000000746c00000, 0x0000000800000000)
  region size 1024K, 4 young (4096K), 4 survivors (4096K)
 Metaspace       used 91719K, capacity 94421K, committed 94752K, reserved 1132544K
  class space    used 10631K, capacity 11685K, committed 11724K, reserved 1048576K
}
Event: 992,315 GC heap before
{Heap before GC invocations=102 (full 12):
 garbage-first heap   total 102400K, used 81831K [0x0000000746c00000, 0x0000000800000000)
  region size 1024K, 45 young (46080K), 4 survivors (4096K)
 Metaspace       used 92012K, capacity 94716K, committed 95136K, reserved 1132544K
  class space    used 10654K, capacity 11718K, committed 11852K, reserved 1048576K
}
Event: 992,323 GC heap after
{Heap after GC invocations=103 (full 12):
 garbage-first heap   total 102400K, used 41359K [0x0000000746c00000, 0x0000000800000000)
  region size 1024K, 4 young (4096K), 4 survivors (4096K)
 Metaspace       used 92012K, capacity 94716K, committed 95136K, reserved 1132544K
  class space    used 10654K, capacity 11718K, committed 11852K, reserved 1048576K
}
Event: 992,541 GC heap before
{Heap before GC invocations=103 (full 12):
 garbage-first heap   total 102400K, used 82319K [0x0000000746c00000, 0x0000000800000000)
  region size 1024K, 44 young (45056K), 4 survivors (4096K)
 Metaspace       used 92409K, capacity 95121K, committed 95392K, reserved 1132544K
  class space    used 10679K, capacity 11758K, committed 11852K, reserved 1048576K
}
Event: 992,549 GC heap after
{Heap after GC invocations=104 (full 12):
 garbage-first heap   total 102400K, used 42817K [0x0000000746c00000, 0x0000000800000000)
  region size 1024K, 4 young (4096K), 4 survivors (4096K)
 Metaspace       used 92409K, capacity 95121K, committed 95392K, reserved 1132544K
  class space    used 10679K, capacity 11758K, committed 11852K, reserved 1048576K
}
Event: 992,794 GC heap before
{Heap before GC invocations=104 (full 12):
 garbage-first heap   total 102400K, used 82753K [0x0000000746c00000, 0x0000000800000000)
  region size 1024K, 43 young (44032K), 4 survivors (4096K)
 Metaspace       used 92867K, capacity 95627K, committed 95904K, reserved 1134592K
  class space    used 10705K, capacity 11767K, committed 11852K, reserved 1048576K
}
Event: 992,806 GC heap after
{Heap after GC invocations=105 (full 12):
 garbage-first heap   total 102400K, used 44131K [0x0000000746c00000, 0x0000000800000000)
  region size 1024K, 5 young (5120K), 5 survivors (5120K)
 Metaspace       used 92867K, capacity 95627K, committed 95904K, reserved 1134592K
  class space    used 10705K, capacity 11767K, committed 11852K, reserved 1048576K
}
Event: 993,220 GC heap before
{Heap before GC invocations=105 (full 12):
 garbage-first heap   total 102400K, used 84067K [0x0000000746c00000, 0x0000000800000000)
  region size 1024K, 44 young (45056K), 5 survivors (5120K)
 Metaspace       used 92897K, capacity 95660K, committed 95904K, reserved 1134592K
  class space    used 10715K, capacity 11799K, committed 11852K, reserved 1048576K
}
Event: 993,231 GC heap after
{Heap after GC invocations=106 (full 12):
 garbage-first heap   total 102400K, used 46304K [0x0000000746c00000, 0x0000000800000000)
  region size 1024K, 5 young (5120K), 5 survivors (5120K)
 Metaspace       used 92897K, capacity 95660K, committed 95904K, reserved 1134592K
  class space    used 10715K, capacity 11799K, committed 11852K, reserved 1048576K
}
Event: 1188,163 GC heap before
{Heap before GC invocations=106 (full 12):
 garbage-first heap   total 102400K, used 84192K [0x0000000746c00000, 0x0000000800000000)
  region size 1024K, 42 young (43008K), 5 survivors (5120K)
 Metaspace       used 92980K, capacity 95732K, committed 96160K, reserved 1134592K
  class space    used 10719K, capacity 11799K, committed 11852K, reserved 1048576K
}
Event: 1188,176 GC heap after
{Heap after GC invocations=107 (full 12):
 garbage-first heap   total 102400K, used 47880K [0x0000000746c00000, 0x0000000800000000)
  region size 1024K, 5 young (5120K), 5 survivors (5120K)
 Metaspace       used 92980K, capacity 95732K, committed 96160K, reserved 1134592K
  class space    used 10719K, capacity 11799K, committed 11852K, reserved 1048576K
}
Event: 1240,399 GC heap before
{Heap before GC invocations=107 (full 12):
 garbage-first heap   total 102400K, used 56072K [0x0000000746c00000, 0x0000000800000000)
  region size 1024K, 14 young (14336K), 5 survivors (5120K)
 Metaspace       used 92984K, capacity 95738K, committed 96160K, reserved 1134592K
  class space    used 10719K, capacity 11801K, committed 11852K, reserved 1048576K
}

